# JRE version: OpenJDK Runtime Environment (21.0.3) (build 21.0.3+-12282718-b509.11)
# Java VM: OpenJDK 64-Bit Server VM (21.0.3+-12282718-b509.11, mixed mode, tiered, compressed oops, compressed class ptrs, g1 gc, windows-amd64)
GC Precious Log:
 CardTable entry size: 512
 Card Set container configuration: InlinePtr #cards 5 size 8 Array Of Cards #cards 12 size 40 Howl #buckets 4 coarsen threshold 1843 Howl Bitmap #cards 512 size 80 coarsen threshold 460 Card regions per heap region 1 cards per card region 2048
 CPUs: 8 total, 8 available
 Memory: 8102M
 Large Page Support: Disabled
 NUMA Support: Disabled
 Compressed Oops: Enabled (32-bit)
 Heap Region Size: 1M
 Heap Min Capacity: 8M
 Heap Initial Capacity: 128M
 Heap Max Capacity: 2G
 Pre-touch: Disabled
 Parallel Workers: 8
 Concurrent Workers: 2
 Concurrent Refinement Workers: 8
 Periodic GC: Disabled
Heap:
 garbage-first heap   total 263168K, used 235327K [0x0000000080000000, 0x0000000100000000)
  region size 1024K, 95 young (97280K), 12 survivors (12288K)
 Metaspace       used 139361K, committed 141824K, reserved 1179648K
  class space    used 19179K, committed 20416K, reserved 1048576K
GC Heap History (20 events):
Event: 89.083 GC heap after
{Heap after GC invocations=50 (full 0):
 garbage-first heap   total 179200K, used 112410K [0x0000000080000000, 0x0000000100000000)
  region size 1024K, 8 young (8192K), 8 survivors (8192K)
 Metaspace       used 107834K, committed 110016K, reserved 1179648K
  class space    used 14826K, committed 15936K, reserved 1048576K
}
Event: 96.497 GC heap before
{Heap before GC invocations=51 (full 0):
 garbage-first heap   total 193536K, used 163610K [0x0000000080000000, 0x0000000100000000)
  region size 1024K, 55 young (56320K), 8 survivors (8192K)
 Metaspace       used 113464K, committed 115648K, reserved 1179648K
  class space    used 15529K, committed 16640K, reserved 1048576K
}
Event: 96.513 GC heap after
{Heap after GC invocations=52 (full 0):
 garbage-first heap   total 193536K, used 123026K [0x0000000080000000, 0x0000000100000000)
  region size 1024K, 7 young (7168K), 7 survivors (7168K)
 Metaspace       used 113464K, committed 115648K, reserved 1179648K
  class space    used 15529K, committed 16640K, reserved 1048576K
}
Event: 98.837 GC heap before
{Heap before GC invocations=52 (full 0):
 garbage-first heap   total 193536K, used 172178K [0x0000000080000000, 0x0000000100000000)
  region size 1024K, 55 young (56320K), 7 survivors (7168K)
 Metaspace       used 116555K, committed 118848K, reserved 1179648K
  class space    used 15919K, committed 17088K, reserved 1048576K
}
Event: 98.857 GC heap after
{Heap after GC invocations=53 (full 0):
 garbage-first heap   total 193536K, used 128000K [0x0000000080000000, 0x0000000100000000)
  region size 1024K, 7 young (7168K), 7 survivors (7168K)
 Metaspace       used 116555K, committed 118848K, reserved 1179648K
  class space    used 15919K, committed 17088K, reserved 1048576K
}
Event: 99.696 GC heap before
{Heap before GC invocations=53 (full 0):
 garbage-first heap   total 193536K, used 172032K [0x0000000080000000, 0x0000000100000000)
  region size 1024K, 50 young (51200K), 7 survivors (7168K)
 Metaspace       used 116736K, committed 119040K, reserved 1179648K
  class space    used 15951K, committed 17152K, reserved 1048576K
}
Event: 99.708 GC heap after
{Heap after GC invocations=54 (full 0):
 garbage-first heap   total 193536K, used 131728K [0x0000000080000000, 0x0000000100000000)
  region size 1024K, 5 young (5120K), 5 survivors (5120K)
 Metaspace       used 116736K, committed 119040K, reserved 1179648K
  class space    used 15951K, committed 17152K, reserved 1048576K
}
Event: 100.136 GC heap before
{Heap before GC invocations=55 (full 0):
 garbage-first heap   total 249856K, used 172688K [0x0000000080000000, 0x0000000100000000)
  region size 1024K, 46 young (47104K), 5 survivors (5120K)
 Metaspace       used 116758K, committed 119104K, reserved 1179648K
  class space    used 15953K, committed 17152K, reserved 1048576K
}
Event: 100.144 GC heap after
{Heap after GC invocations=56 (full 0):
 garbage-first heap   total 249856K, used 132814K [0x0000000080000000, 0x0000000100000000)
  region size 1024K, 4 young (4096K), 4 survivors (4096K)
 Metaspace       used 116758K, committed 119104K, reserved 1179648K
  class space    used 15953K, committed 17152K, reserved 1048576K
}
Event: 107.882 GC heap before
{Heap before GC invocations=56 (full 0):
 garbage-first heap   total 249856K, used 223950K [0x0000000080000000, 0x0000000100000000)
  region size 1024K, 94 young (96256K), 4 survivors (4096K)
 Metaspace       used 121691K, committed 124096K, reserved 1179648K
  class space    used 16643K, committed 17856K, reserved 1048576K
}
Event: 107.896 GC heap after
{Heap after GC invocations=57 (full 0):
 garbage-first heap   total 249856K, used 133611K [0x0000000080000000, 0x0000000100000000)
  region size 1024K, 6 young (6144K), 6 survivors (6144K)
 Metaspace       used 121691K, committed 124096K, reserved 1179648K
  class space    used 16643K, committed 17856K, reserved 1048576K
}
Event: 114.227 GC heap before
{Heap before GC invocations=57 (full 0):
 garbage-first heap   total 249856K, used 223723K [0x0000000080000000, 0x0000000100000000)
  region size 1024K, 95 young (97280K), 6 survivors (6144K)
 Metaspace       used 132188K, committed 134528K, reserved 1179648K
  class space    used 18266K, committed 19456K, reserved 1048576K
}
Event: 114.245 GC heap after
{Heap after GC invocations=58 (full 0):
 garbage-first heap   total 249856K, used 135510K [0x0000000080000000, 0x0000000100000000)
  region size 1024K, 8 young (8192K), 8 survivors (8192K)
 Metaspace       used 132188K, committed 134528K, reserved 1179648K
  class space    used 18266K, committed 19456K, reserved 1048576K
}
Event: 118.075 GC heap before
{Heap before GC invocations=59 (full 0):
 garbage-first heap   total 249856K, used 248150K [0x0000000080000000, 0x0000000100000000)
  region size 1024K, 72 young (73728K), 8 survivors (8192K)
 Metaspace       used 137101K, committed 139520K, reserved 1179648K
  class space    used 19019K, committed 20224K, reserved 1048576K
}
Event: 118.093 GC heap after
{Heap after GC invocations=60 (full 0):
 garbage-first heap   total 262144K, used 139311K [0x0000000080000000, 0x0000000100000000)
  region size 1024K, 11 young (11264K), 11 survivors (11264K)
 Metaspace       used 137101K, committed 139520K, reserved 1179648K
  class space    used 19019K, committed 20224K, reserved 1048576K
}
Event: 379.456 GC heap before
{Heap before GC invocations=60 (full 0):
 garbage-first heap   total 262144K, used 235567K [0x0000000080000000, 0x0000000100000000)
  region size 1024K, 105 young (107520K), 11 survivors (11264K)
 Metaspace       used 138408K, committed 140800K, reserved 1179648K
  class space    used 19137K, committed 20352K, reserved 1048576K
}
Event: 379.482 GC heap after
{Heap after GC invocations=61 (full 0):
 garbage-first heap   total 262144K, used 141569K [0x0000000080000000, 0x0000000100000000)
  region size 1024K, 14 young (14336K), 14 survivors (14336K)
 Metaspace       used 138408K, committed 140800K, reserved 1179648K
  class space    used 19137K, committed 20352K, reserved 1048576K
}
Event: 381.693 GC heap before
{Heap before GC invocations=61 (full 0):
 garbage-first heap   total 262144K, used 182529K [0x0000000080000000, 0x0000000100000000)
  region size 1024K, 55 young (56320K), 14 survivors (14336K)
 Metaspace       used 138525K, committed 140928K, reserved 1179648K
  class space    used 19138K, committed 20352K, reserved 1048576K
}
Event: 381.715 GC heap after
{Heap after GC invocations=62 (full 0):
 garbage-first heap   total 262144K, used 148287K [0x0000000080000000, 0x0000000100000000)
  region size 1024K, 7 young (7168K), 7 survivors (7168K)
 Metaspace       used 138525K, committed 140928K, reserved 1179648K
  class space    used 19138K, committed 20352K, reserved 1048576K
}
Event: 389.443 GC heap before
{Heap before GC invocations=63 (full 0):
 garbage-first heap   total 262144K, used 234303K [0x0000000080000000, 0x0000000100000000)
  region size 1024K, 90 young (92160K), 7 survivors (7168K)
 Metaspace       used 139361K, committed 141824K, reserved 1179648K
  class space    used 19179K, committed 20416K, reserved 1048576K
}

