# JRE version: OpenJDK Runtime Environment (21.0.3) (build 21.0.3+-12282718-b509.11)
# Java VM: OpenJDK 64-Bit Server VM (21.0.3+-12282718-b509.11, mixed mode, tiered, compressed oops, compressed class ptrs, g1 gc, windows-amd64)
GC Precious Log:
 CardTable entry size: 512
 Card Set container configuration: InlinePtr #cards 5 size 8 Array Of Cards #cards 12 size 40 Howl #buckets 4 coarsen threshold 1843 Howl Bitmap #cards 512 size 80 coarsen threshold 460 Card regions per heap region 1 cards per card region 2048
 CPUs: 8 total, 8 available
 Memory: 8102M
 Large Page Support: Disabled
 NUMA Support: Disabled
 Compressed Oops: Enabled (32-bit)
 Heap Region Size: 1M
 Heap Min Capacity: 8M
 Heap Initial Capacity: 128M
 Heap Max Capacity: 2G
 Pre-touch: Disabled
 Parallel Workers: 8
 Concurrent Workers: 2
 Concurrent Refinement Workers: 8
 Periodic GC: Disabled
Heap:
 garbage-first heap   total 270336K, used 177577K [0x0000000080000000, 0x0000000100000000)
  region size 1024K, 18 young (18432K), 9 survivors (9216K)
 Metaspace       used 114913K, committed 117120K, reserved 1179648K
  class space    used 15547K, committed 16640K, reserved 1048576K
GC Heap History (20 events):
Event: 129.669 GC heap before
{Heap before GC invocations=38 (full 0):
 garbage-first heap   total 202752K, used 183286K [0x0000000080000000, 0x0000000100000000)
  region size 1024K, 56 young (57344K), 8 survivors (8192K)
 Metaspace       used 102111K, committed 104320K, reserved 1179648K
  class space    used 14063K, committed 15168K, reserved 1048576K
}
Event: 129.680 GC heap after
{Heap after GC invocations=39 (full 0):
 garbage-first heap   total 202752K, used 139495K [0x0000000080000000, 0x0000000100000000)
  region size 1024K, 5 young (5120K), 5 survivors (5120K)
 Metaspace       used 102111K, committed 104320K, reserved 1179648K
  class space    used 14063K, committed 15168K, reserved 1048576K
}
Event: 130.757 GC heap before
{Heap before GC invocations=40 (full 0):
 garbage-first heap   total 242688K, used 183527K [0x0000000080000000, 0x0000000100000000)
  region size 1024K, 48 young (49152K), 5 survivors (5120K)
 Metaspace       used 102112K, committed 104320K, reserved 1179648K
  class space    used 14063K, committed 15168K, reserved 1048576K
}
Event: 130.765 GC heap after
{Heap after GC invocations=41 (full 0):
 garbage-first heap   total 242688K, used 141583K [0x0000000080000000, 0x0000000100000000)
  region size 1024K, 5 young (5120K), 5 survivors (5120K)
 Metaspace       used 102112K, committed 104320K, reserved 1179648K
  class space    used 14063K, committed 15168K, reserved 1048576K
}
Event: 133.137 GC heap before
{Heap before GC invocations=41 (full 0):
 garbage-first heap   total 242688K, used 215311K [0x0000000080000000, 0x0000000100000000)
  region size 1024K, 77 young (78848K), 5 survivors (5120K)
 Metaspace       used 102112K, committed 104320K, reserved 1179648K
  class space    used 14063K, committed 15168K, reserved 1048576K
}
Event: 133.147 GC heap after
{Heap after GC invocations=42 (full 0):
 garbage-first heap   total 242688K, used 143059K [0x0000000080000000, 0x0000000100000000)
  region size 1024K, 8 young (8192K), 8 survivors (8192K)
 Metaspace       used 102112K, committed 104320K, reserved 1179648K
  class space    used 14063K, committed 15168K, reserved 1048576K
}
Event: 136.783 GC heap before
{Heap before GC invocations=42 (full 0):
 garbage-first heap   total 242688K, used 218835K [0x0000000080000000, 0x0000000100000000)
  region size 1024K, 82 young (83968K), 8 survivors (8192K)
 Metaspace       used 102112K, committed 104320K, reserved 1179648K
  class space    used 14063K, committed 15168K, reserved 1048576K
}
Event: 136.791 GC heap after
{Heap after GC invocations=43 (full 0):
 garbage-first heap   total 242688K, used 146803K [0x0000000080000000, 0x0000000100000000)
  region size 1024K, 9 young (9216K), 9 survivors (9216K)
 Metaspace       used 102112K, committed 104320K, reserved 1179648K
  class space    used 14063K, committed 15168K, reserved 1048576K
}
Event: 141.563 GC heap before
{Heap before GC invocations=44 (full 0):
 garbage-first heap   total 249856K, used 219507K [0x0000000080000000, 0x0000000100000000)
  region size 1024K, 80 young (81920K), 9 survivors (9216K)
 Metaspace       used 102112K, committed 104320K, reserved 1179648K
  class space    used 14063K, committed 15168K, reserved 1048576K
}
Event: 141.574 GC heap after
{Heap after GC invocations=45 (full 0):
 garbage-first heap   total 249856K, used 150349K [0x0000000080000000, 0x0000000100000000)
  region size 1024K, 6 young (6144K), 6 survivors (6144K)
 Metaspace       used 102112K, committed 104320K, reserved 1179648K
  class space    used 14063K, committed 15168K, reserved 1048576K
}
Event: 143.499 GC heap before
{Heap before GC invocations=45 (full 0):
 garbage-first heap   total 249856K, used 229197K [0x0000000080000000, 0x0000000100000000)
  region size 1024K, 83 young (84992K), 6 survivors (6144K)
 Metaspace       used 102112K, committed 104320K, reserved 1179648K
  class space    used 14063K, committed 15168K, reserved 1048576K
}
Event: 143.511 GC heap after
{Heap after GC invocations=46 (full 0):
 garbage-first heap   total 249856K, used 152086K [0x0000000080000000, 0x0000000100000000)
  region size 1024K, 9 young (9216K), 9 survivors (9216K)
 Metaspace       used 102112K, committed 104320K, reserved 1179648K
  class space    used 14063K, committed 15168K, reserved 1048576K
}
Event: 147.445 GC heap before
{Heap before GC invocations=46 (full 0):
 garbage-first heap   total 249856K, used 226838K [0x0000000080000000, 0x0000000100000000)
  region size 1024K, 82 young (83968K), 9 survivors (9216K)
 Metaspace       used 102112K, committed 104320K, reserved 1179648K
  class space    used 14063K, committed 15168K, reserved 1048576K
}
Event: 147.455 GC heap after
{Heap after GC invocations=47 (full 0):
 garbage-first heap   total 249856K, used 156022K [0x0000000080000000, 0x0000000100000000)
  region size 1024K, 10 young (10240K), 10 survivors (10240K)
 Metaspace       used 102112K, committed 104320K, reserved 1179648K
  class space    used 14063K, committed 15168K, reserved 1048576K
}
Event: 149.796 GC heap before
{Heap before GC invocations=48 (full 0):
 garbage-first heap   total 270336K, used 224630K [0x0000000080000000, 0x0000000100000000)
  region size 1024K, 77 young (78848K), 10 survivors (10240K)
 Metaspace       used 102112K, committed 104320K, reserved 1179648K
  class space    used 14063K, committed 15168K, reserved 1048576K
}
Event: 149.805 GC heap after
{Heap after GC invocations=49 (full 0):
 garbage-first heap   total 270336K, used 158759K [0x0000000080000000, 0x0000000100000000)
  region size 1024K, 6 young (6144K), 6 survivors (6144K)
 Metaspace       used 102112K, committed 104320K, reserved 1179648K
  class space    used 14063K, committed 15168K, reserved 1048576K
}
Event: 153.257 GC heap before
{Heap before GC invocations=49 (full 0):
 garbage-first heap   total 270336K, used 247847K [0x0000000080000000, 0x0000000100000000)
  region size 1024K, 92 young (94208K), 6 survivors (6144K)
 Metaspace       used 108675K, committed 110976K, reserved 1179648K
  class space    used 14917K, committed 16064K, reserved 1048576K
}
Event: 153.268 GC heap after
{Heap after GC invocations=50 (full 0):
 garbage-first heap   total 270336K, used 161653K [0x0000000080000000, 0x0000000100000000)
  region size 1024K, 9 young (9216K), 9 survivors (9216K)
 Metaspace       used 108675K, committed 110976K, reserved 1179648K
  class space    used 14917K, committed 16064K, reserved 1048576K
}
Event: 154.583 GC heap before
{Heap before GC invocations=50 (full 0):
 garbage-first heap   total 270336K, used 199541K [0x0000000080000000, 0x0000000100000000)
  region size 1024K, 47 young (48128K), 9 survivors (9216K)
 Metaspace       used 113333K, committed 115584K, reserved 1179648K
  class space    used 15451K, committed 16576K, reserved 1048576K
}
Event: 154.602 GC heap after
{Heap after GC invocations=51 (full 0):
 garbage-first heap   total 270336K, used 164265K [0x0000000080000000, 0x0000000100000000)
  region size 1024K, 9 young (9216K), 9 survivors (9216K)
 Metaspace       used 113333K, committed 115584K, reserved 1179648K
  class space    used 15451K, committed 16576K, reserved 1048576K
}

